<?xml version='1.1' encoding='UTF-8'?>
<result plugin="junit@1.27">
  <suites>
    <suite>
      <file>/home/accession8/.jenkins/workspace/project_4/server/target/surefire-reports/TEST-com.example.TestGreeter.xml</file>
      <name>com.example.TestGreeter</name>
      <duration>0.439</duration>
      <time>0.439</time>
      <enclosingBlocks/>
      <enclosingBlockNames/>
      <cases>
        <case>
          <duration>0.027</duration>
          <className>com.example.TestGreeter</className>
          <testName>greetShouldIncludeTheOneBeingGreeted</testName>
          <skipped>false</skipped>
          <failedSince>0</failedSince>
        </case>
        <case>
          <duration>0.059</duration>
          <className>com.example.TestGreeter</className>
          <testName>greetShouldIncludeGreetingPhrase</testName>
          <skipped>false</skipped>
          <failedSince>0</failedSince>
        </case>
      </cases>
    </suite>
  </suites>
  <duration>0.439</duration>
  <keepLongStdio>false</keepLongStdio>
</result>